<?xml version="1.0" encoding="UTF-8"?>
<!-- Generated by org.testng.reporters.JUnitReportReporter -->
<testsuite skipped="0" hostname="DESKTOP-A8AF0PQ" name="System.Parameter" tests="1" failures="0" timestamp="10 Jan 2021 09:25:49 GMT" time="0.017" errors="0">
  <testcase name="ParameterTesting" time="0.017" classname="System.Parameter"/>
</testsuite> <!-- System.Parameter -->
