<?xml version="1.0" encoding="UTF-8"?>
<!-- Generated by org.testng.reporters.JUnitReportReporter -->
<testsuite skipped="0" hostname="DESKTOP-A8AF0PQ" name="System.SuiteTesting" tests="2" failures="0" timestamp="10 Jan 2021 09:10:47 GMT" time="0.040" errors="0">
  <testcase name="Dell" time="0.020" classname="System.SuiteTesting"/>
  <testcase name="HP" time="0.020" classname="System.SuiteTesting"/>
</testsuite> <!-- System.SuiteTesting -->
